Using pre-set license
Built from '2021.3/staging' branch; Version is '2021.3.1f1 (3b70a0754835) revision 3895456'; Using compiler version '192829333'; Build Type 'Release'
OS: 'Windows 10  (10.0.19043) 64bit Professional' Language: 'fr' Physical Memory: 32727 MB
BatchMode: 1, IsHumanControllingUs: 0, StartBugReporterOnCrash: 0, Is64bit: 1, IsPro: 1

COMMAND LINE ARGUMENTS:
C:\Program Files\Unity\Hub\Editor\2021.3.1f1\Editor\Unity.exe
-adb2
-batchMode
-noUpm
-name
AssetImportWorker0
-projectPath
D:/Projects/The Shadow
-logFile
Logs/AssetImportWorker0.log
-srvPort
58868
Successfully changed project path to: D:/Projects/The Shadow
D:/Projects/The Shadow
[UnityMemory] Configuration Parameters - Can be set up in boot.config
    "memorysetup-bucket-allocator-granularity=16"
    "memorysetup-bucket-allocator-bucket-count=8"
    "memorysetup-bucket-allocator-block-size=33554432"
    "memorysetup-bucket-allocator-block-count=8"
    "memorysetup-main-allocator-block-size=16777216"
    "memorysetup-thread-allocator-block-size=16777216"
    "memorysetup-gfx-main-allocator-block-size=16777216"
    "memorysetup-gfx-thread-allocator-block-size=16777216"
    "memorysetup-cache-allocator-block-size=4194304"
    "memorysetup-typetree-allocator-block-size=2097152"
    "memorysetup-profiler-bucket-allocator-granularity=16"
    "memorysetup-profiler-bucket-allocator-bucket-count=8"
    "memorysetup-profiler-bucket-allocator-block-size=33554432"
    "memorysetup-profiler-bucket-allocator-block-count=8"
    "memorysetup-profiler-allocator-block-size=16777216"
    "memorysetup-profiler-editor-allocator-block-size=1048576"
    "memorysetup-temp-allocator-size-main=16777216"
    "memorysetup-job-temp-allocator-block-size=2097152"
    "memorysetup-job-temp-allocator-block-size-background=1048576"
    "memorysetup-job-temp-allocator-reduction-small-platforms=262144"
    "memorysetup-temp-allocator-size-background-worker=32768"
    "memorysetup-temp-allocator-size-job-worker=262144"
    "memorysetup-temp-allocator-size-preload-manager=33554432"
    "memorysetup-temp-allocator-size-nav-mesh-worker=65536"
    "memorysetup-temp-allocator-size-audio-worker=65536"
    "memorysetup-temp-allocator-size-cloud-worker=32768"
    "memorysetup-temp-allocator-size-gi-baking-worker=262144"
    "memorysetup-temp-allocator-size-gfx=262144"
Refreshing native plugins compatible for Editor in 159.01 ms, found 4 plugins.
Preloading 0 native plugins for Editor in 0.00 ms.
Initialize engine version: 2021.3.1f1 (3b70a0754835)
[Subsystems] Discovering subsystems at path C:/Program Files/Unity/Hub/Editor/2021.3.1f1/Editor/Data/Resources/UnitySubsystems
[Subsystems] Discovering subsystems at path D:/Projects/The Shadow/Assets
GfxDevice: creating device client; threaded=0; jobified=0
Direct3D:
    Version:  Direct3D 11.0 [level 11.1]
    Renderer: NVIDIA GeForce GTX 1060 6GB (ID=0x1c03)
    Vendor:   NVIDIA
    VRAM:     6052 MB
    Driver:   30.0.15.1295
Initialize mono
Mono path[0] = 'C:/Program Files/Unity/Hub/Editor/2021.3.1f1/Editor/Data/Managed'
Mono path[1] = 'C:/Program Files/Unity/Hub/Editor/2021.3.1f1/Editor/Data/MonoBleedingEdge/lib/mono/unityjit-win32'
Mono config path = 'C:/Program Files/Unity/Hub/Editor/2021.3.1f1/Editor/Data/MonoBleedingEdge/etc'
Using monoOptions --debugger-agent=transport=dt_socket,embedding=1,server=y,suspend=n,address=127.0.0.1:56980
Begin MonoManager ReloadAssembly
Registering precompiled unity dll's ...
Register platform support module: C:/Program Files/Unity/Hub/Editor/2021.3.1f1/Editor/Data/PlaybackEngines/WebGLSupport/UnityEditor.WebGL.Extensions.dll
Register platform support module: C:/Program Files/Unity/Hub/Editor/2021.3.1f1/Editor/Data/PlaybackEngines/MacStandaloneSupport/UnityEditor.OSXStandalone.Extensions.dll
Register platform support module: C:/Program Files/Unity/Hub/Editor/2021.3.1f1/Editor/Data/PlaybackEngines/AndroidPlayer/UnityEditor.Android.Extensions.dll
Register platform support module: C:/Program Files/Unity/Hub/Editor/2021.3.1f1/Editor/Data/PlaybackEngines/iOSSupport/UnityEditor.iOS.Extensions.dll
Register platform support module: C:/Program Files/Unity/Hub/Editor/2021.3.1f1/Editor/Data/PlaybackEngines/WindowsStandaloneSupport/UnityEditor.WindowsStandalone.Extensions.dll
Register platform support module: C:/Program Files/Unity/Hub/Editor/2021.3.1f1/Editor/Data/PlaybackEngines/LinuxStandaloneSupport/UnityEditor.LinuxStandalone.Extensions.dll
Registered in 0.021285 seconds.
Native extension for LinuxStandalone target not found
Native extension for WindowsStandalone target not found
[usbmuxd] Start listen thread
[usbmuxd] Listen thread started
Native extension for iOS target not found
Native extension for Android target not found
Native extension for OSXStandalone target not found
Native extension for WebGL target not found
Refreshing native plugins compatible for Editor in 143.98 ms, found 4 plugins.
Preloading 0 native plugins for Editor in 0.00 ms.
Mono: successfully reloaded assembly
- Completed reload, in  1.030 seconds
Domain Reload Profiling:
	ReloadAssembly (1031ms)
		BeginReloadAssembly (109ms)
			ExecutionOrderSort (0ms)
			DisableScriptedObjects (0ms)
			BackupInstance (0ms)
			ReleaseScriptingObjects (0ms)
			CreateAndSetChildDomain (1ms)
		EndReloadAssembly (747ms)
			LoadAssemblies (108ms)
			RebuildTransferFunctionScriptingTraits (0ms)
			SetupTypeCache (139ms)
			ReleaseScriptCaches (0ms)
			RebuildScriptCaches (40ms)
			SetupLoadedEditorAssemblies (497ms)
				LogAssemblyErrors (0ms)
				InitializePlatformSupportModulesInManaged (87ms)
				SetLoadedEditorAssemblies (0ms)
				RefreshPlugins (144ms)
				BeforeProcessingInitializeOnLoad (1ms)
				ProcessInitializeOnLoadAttributes (197ms)
				ProcessInitializeOnLoadMethodAttributes (67ms)
				AfterProcessingInitializeOnLoad (0ms)
				EditorAssembliesLoaded (0ms)
			ExecutionOrderSort2 (0ms)
			AwakeInstancesAfterBackupRestoration (0ms)
Platform modules already initialized, skipping
Registering precompiled user dll's ...
Registered in 0.006573 seconds.
Begin MonoManager ReloadAssembly
Symbol file LoadedFromMemory doesn't match image D:\Projects\The Shadow\Library\PackageCache\com.unity.visualscripting@1.7.6\Editor\VisualScripting.Core\Dependencies\YamlDotNet\Unity.VisualScripting.YamlDotNet.dll
Symbol file LoadedFromMemory is not a mono symbol file
Symbol file LoadedFromMemory doesn't match image D:\Projects\The Shadow\Library\PackageCache\com.unity.visualscripting@1.7.6\Editor\VisualScripting.Core\Dependencies\DotNetZip\Unity.VisualScripting.IonicZip.dll
Native extension for LinuxStandalone target not found
Native extension for WindowsStandalone target not found
Native extension for iOS target not found
Native extension for Android target not found
Native extension for OSXStandalone target not found
Native extension for WebGL target not found
Refreshing native plugins compatible for Editor in 162.87 ms, found 4 plugins.
Preloading 0 native plugins for Editor in 0.00 ms.
Mono: successfully reloaded assembly
- Completed reload, in  1.955 seconds
Domain Reload Profiling:
	ReloadAssembly (1956ms)
		BeginReloadAssembly (153ms)
			ExecutionOrderSort (0ms)
			DisableScriptedObjects (7ms)
			BackupInstance (0ms)
			ReleaseScriptingObjects (0ms)
			CreateAndSetChildDomain (25ms)
		EndReloadAssembly (1637ms)
			LoadAssemblies (137ms)
			RebuildTransferFunctionScriptingTraits (0ms)
			SetupTypeCache (368ms)
			ReleaseScriptCaches (1ms)
			RebuildScriptCaches (93ms)
			SetupLoadedEditorAssemblies (961ms)
				LogAssemblyErrors (0ms)
				InitializePlatformSupportModulesInManaged (49ms)
				SetLoadedEditorAssemblies (0ms)
				RefreshPlugins (163ms)
				BeforeProcessingInitializeOnLoad (151ms)
				ProcessInitializeOnLoadAttributes (396ms)
				ProcessInitializeOnLoadMethodAttributes (174ms)
				AfterProcessingInitializeOnLoad (27ms)
				EditorAssembliesLoaded (1ms)
			ExecutionOrderSort2 (0ms)
			AwakeInstancesAfterBackupRestoration (22ms)
Platform modules already initialized, skipping
========================================================================
Worker process is ready to serve import requests
Launched and connected shader compiler UnityShaderCompiler.exe after 0.07 seconds
Refreshing native plugins compatible for Editor in 1.12 ms, found 4 plugins.
Preloading 0 native plugins for Editor in 0.00 ms.
Unloading 5379 Unused Serialized files (Serialized files now loaded: 0)
Unloading 54 unused Assets / (1.2 MB). Loaded Objects now: 5819.
Memory consumption went from 210.9 MB to 209.7 MB.
Total: 4.787500 ms (FindLiveObjects: 0.552600 ms CreateObjectMapping: 0.478700 ms MarkObjects: 3.205900 ms  DeleteObjects: 0.549200 ms)

AssetImportParameters requested are different than current active one (requested -> active):
  custom:video-decoder-ogg-theora: a1e56fd34408186e4bbccfd4996cb3dc -> 
  custom:container-muxer-webm: aa71ff27fc2769a1b78a27578f13a17b -> 
  custom:container-demuxer-webm: 4f35f7cbe854078d1ac9338744f61a02 -> 
  custom:video-encoder-webm-vp8: eb34c28f22e8b96e1ab97ce403110664 -> 
  custom:audio-encoder-webm-vorbis: bf7c407c2cedff20999df2af8eb42d56 -> 
  custom:framework-win-MediaFoundation: 216162199b28c13a410421893ffa2e32 -> 
  custom:container-demuxer-ogg: 62fdf1f143b41e24485cea50d1cbac27 -> 
  custom:video-decoder-webm-vp8: 9c59270c3fd7afecdb556c50c9e8de78 -> 
  custom:audio-decoder-ogg-vorbis: bf7c407c2cedff20999df2af8eb42d56 -> 
========================================================================
Received Import Request.
  Time since last request: 26841.107677 seconds.
  path: Assets/Animations/Door.controller
  artifactKey: Guid(48c77c11fdf0edf47b5368f41d5e679d) Importer(815301076,1909f56bfc062723c751e8b465ee728b)
Start importing Assets/Animations/Door.controller using Guid(48c77c11fdf0edf47b5368f41d5e679d) Importer(815301076,1909f56bfc062723c751e8b465ee728b)  -> (artifact id: 'f9b002dc6935cd346b552bebec63fcab') in 0.084656 seconds 
========================================================================
Received Prepare
Registering precompiled user dll's ...
Registered in 0.006384 seconds.
Begin MonoManager ReloadAssembly
Symbol file LoadedFromMemory doesn't match image D:\Projects\The Shadow\Library\PackageCache\com.unity.visualscripting@1.7.6\Editor\VisualScripting.Core\Dependencies\YamlDotNet\Unity.VisualScripting.YamlDotNet.dll
Symbol file LoadedFromMemory is not a mono symbol file
Symbol file LoadedFromMemory doesn't match image D:\Projects\The Shadow\Library\PackageCache\com.unity.visualscripting@1.7.6\Editor\VisualScripting.Core\Dependencies\DotNetZip\Unity.VisualScripting.IonicZip.dll
Native extension for LinuxStandalone target not found
Native extension for WindowsStandalone target not found
Native extension for iOS target not found
Native extension for Android target not found
Native extension for OSXStandalone target not found
Native extension for WebGL target not found
Refreshing native plugins compatible for Editor in 1.35 ms, found 4 plugins.
Preloading 0 native plugins for Editor in 0.00 ms.
Mono: successfully reloaded assembly
- Completed reload, in  2.397 seconds
Domain Reload Profiling:
	ReloadAssembly (2398ms)
		BeginReloadAssembly (179ms)
			ExecutionOrderSort (0ms)
			DisableScriptedObjects (9ms)
			BackupInstance (0ms)
			ReleaseScriptingObjects (0ms)
			CreateAndSetChildDomain (52ms)
		EndReloadAssembly (2080ms)
			LoadAssemblies (140ms)
			RebuildTransferFunctionScriptingTraits (0ms)
			SetupTypeCache (770ms)
			ReleaseScriptCaches (3ms)
			RebuildScriptCaches (145ms)
			SetupLoadedEditorAssemblies (742ms)
				LogAssemblyErrors (0ms)
				InitializePlatformSupportModulesInManaged (69ms)
				SetLoadedEditorAssemblies (1ms)
				RefreshPlugins (2ms)
				BeforeProcessingInitializeOnLoad (136ms)
				ProcessInitializeOnLoadAttributes (379ms)
				ProcessInitializeOnLoadMethodAttributes (138ms)
				AfterProcessingInitializeOnLoad (17ms)
				EditorAssembliesLoaded (0ms)
			ExecutionOrderSort2 (0ms)
			AwakeInstancesAfterBackupRestoration (22ms)
Platform modules already initialized, skipping
Refreshing native plugins compatible for Editor in 3.32 ms, found 4 plugins.
Preloading 0 native plugins for Editor in 0.00 ms.
Unloading 5263 Unused Serialized files (Serialized files now loaded: 0)
Unloading 41 unused Assets / (1.2 MB). Loaded Objects now: 5822.
Memory consumption went from 204.4 MB to 203.2 MB.
Total: 6.645500 ms (FindLiveObjects: 0.738400 ms CreateObjectMapping: 1.354700 ms MarkObjects: 3.775300 ms  DeleteObjects: 0.776000 ms)

AssetImportParameters requested are different than current active one (requested -> active):
  custom:video-decoder-ogg-theora: a1e56fd34408186e4bbccfd4996cb3dc -> 
  custom:container-muxer-webm: aa71ff27fc2769a1b78a27578f13a17b -> 
  custom:container-demuxer-webm: 4f35f7cbe854078d1ac9338744f61a02 -> 
  custom:video-encoder-webm-vp8: eb34c28f22e8b96e1ab97ce403110664 -> 
  custom:audio-encoder-webm-vorbis: bf7c407c2cedff20999df2af8eb42d56 -> 
  custom:framework-win-MediaFoundation: 216162199b28c13a410421893ffa2e32 -> 
  custom:container-demuxer-ogg: 62fdf1f143b41e24485cea50d1cbac27 -> 
  custom:video-decoder-webm-vp8: 9c59270c3fd7afecdb556c50c9e8de78 -> 
  custom:audio-decoder-ogg-vorbis: bf7c407c2cedff20999df2af8eb42d56 -> 
========================================================================
Received Prepare
Registering precompiled user dll's ...
Registered in 0.005990 seconds.
Begin MonoManager ReloadAssembly
Symbol file LoadedFromMemory doesn't match image D:\Projects\The Shadow\Library\PackageCache\com.unity.visualscripting@1.7.6\Editor\VisualScripting.Core\Dependencies\YamlDotNet\Unity.VisualScripting.YamlDotNet.dll
Symbol file LoadedFromMemory is not a mono symbol file
Symbol file LoadedFromMemory doesn't match image D:\Projects\The Shadow\Library\PackageCache\com.unity.visualscripting@1.7.6\Editor\VisualScripting.Core\Dependencies\DotNetZip\Unity.VisualScripting.IonicZip.dll
Native extension for LinuxStandalone target not found
Native extension for WindowsStandalone target not found
Native extension for iOS target not found
Native extension for Android target not found
Native extension for OSXStandalone target not found
Native extension for WebGL target not found
Refreshing native plugins compatible for Editor in 1.80 ms, found 4 plugins.
Preloading 0 native plugins for Editor in 0.00 ms.
Mono: successfully reloaded assembly
- Completed reload, in  1.871 seconds
Domain Reload Profiling:
	ReloadAssembly (1871ms)
		BeginReloadAssembly (184ms)
			ExecutionOrderSort (0ms)
			DisableScriptedObjects (8ms)
			BackupInstance (0ms)
			ReleaseScriptingObjects (0ms)
			CreateAndSetChildDomain (60ms)
		EndReloadAssembly (1557ms)
			LoadAssemblies (132ms)
			RebuildTransferFunctionScriptingTraits (0ms)
			SetupTypeCache (439ms)
			ReleaseScriptCaches (3ms)
			RebuildScriptCaches (102ms)
			SetupLoadedEditorAssemblies (781ms)
				LogAssemblyErrors (0ms)
				InitializePlatformSupportModulesInManaged (70ms)
				SetLoadedEditorAssemblies (1ms)
				RefreshPlugins (2ms)
				BeforeProcessingInitializeOnLoad (141ms)
				ProcessInitializeOnLoadAttributes (406ms)
				ProcessInitializeOnLoadMethodAttributes (144ms)
				AfterProcessingInitializeOnLoad (17ms)
				EditorAssembliesLoaded (0ms)
			ExecutionOrderSort2 (0ms)
			AwakeInstancesAfterBackupRestoration (25ms)
Platform modules already initialized, skipping
Refreshing native plugins compatible for Editor in 3.90 ms, found 4 plugins.
Preloading 0 native plugins for Editor in 0.00 ms.
Unloading 5263 Unused Serialized files (Serialized files now loaded: 0)
Unloading 41 unused Assets / (1.2 MB). Loaded Objects now: 5825.
Memory consumption went from 204.4 MB to 203.2 MB.
Total: 5.613100 ms (FindLiveObjects: 0.587300 ms CreateObjectMapping: 0.766200 ms MarkObjects: 3.599500 ms  DeleteObjects: 0.658200 ms)

AssetImportParameters requested are different than current active one (requested -> active):
  custom:video-decoder-ogg-theora: a1e56fd34408186e4bbccfd4996cb3dc -> 
  custom:container-muxer-webm: aa71ff27fc2769a1b78a27578f13a17b -> 
  custom:container-demuxer-webm: 4f35f7cbe854078d1ac9338744f61a02 -> 
  custom:video-encoder-webm-vp8: eb34c28f22e8b96e1ab97ce403110664 -> 
  custom:audio-encoder-webm-vorbis: bf7c407c2cedff20999df2af8eb42d56 -> 
  custom:framework-win-MediaFoundation: 216162199b28c13a410421893ffa2e32 -> 
  custom:container-demuxer-ogg: 62fdf1f143b41e24485cea50d1cbac27 -> 
  custom:video-decoder-webm-vp8: 9c59270c3fd7afecdb556c50c9e8de78 -> 
  custom:audio-decoder-ogg-vorbis: bf7c407c2cedff20999df2af8eb42d56 -> 
========================================================================
Received Prepare
Registering precompiled user dll's ...
Registered in 0.006370 seconds.
Begin MonoManager ReloadAssembly
Symbol file LoadedFromMemory doesn't match image D:\Projects\The Shadow\Library\PackageCache\com.unity.visualscripting@1.7.6\Editor\VisualScripting.Core\Dependencies\YamlDotNet\Unity.VisualScripting.YamlDotNet.dll
Symbol file LoadedFromMemory is not a mono symbol file
Symbol file LoadedFromMemory doesn't match image D:\Projects\The Shadow\Library\PackageCache\com.unity.visualscripting@1.7.6\Editor\VisualScripting.Core\Dependencies\DotNetZip\Unity.VisualScripting.IonicZip.dll
Native extension for LinuxStandalone target not found
Native extension for WindowsStandalone target not found
Native extension for iOS target not found
Native extension for Android target not found
Native extension for OSXStandalone target not found
Native extension for WebGL target not found
Refreshing native plugins compatible for Editor in 2.07 ms, found 4 plugins.
Preloading 0 native plugins for Editor in 0.00 ms.
Mono: successfully reloaded assembly
- Completed reload, in  1.864 seconds
Domain Reload Profiling:
	ReloadAssembly (1865ms)
		BeginReloadAssembly (176ms)
			ExecutionOrderSort (0ms)
			DisableScriptedObjects (8ms)
			BackupInstance (0ms)
			ReleaseScriptingObjects (0ms)
			CreateAndSetChildDomain (52ms)
		EndReloadAssembly (1552ms)
			LoadAssemblies (130ms)
			RebuildTransferFunctionScriptingTraits (0ms)
			SetupTypeCache (438ms)
			ReleaseScriptCaches (3ms)
			RebuildScriptCaches (87ms)
			SetupLoadedEditorAssemblies (791ms)
				LogAssemblyErrors (0ms)
				InitializePlatformSupportModulesInManaged (74ms)
				SetLoadedEditorAssemblies (2ms)
				RefreshPlugins (2ms)
				BeforeProcessingInitializeOnLoad (142ms)
				ProcessInitializeOnLoadAttributes (406ms)
				ProcessInitializeOnLoadMethodAttributes (147ms)
				AfterProcessingInitializeOnLoad (18ms)
				EditorAssembliesLoaded (0ms)
			ExecutionOrderSort2 (0ms)
			AwakeInstancesAfterBackupRestoration (22ms)
Platform modules already initialized, skipping
Refreshing native plugins compatible for Editor in 5.06 ms, found 4 plugins.
Preloading 0 native plugins for Editor in 0.00 ms.
Unloading 5263 Unused Serialized files (Serialized files now loaded: 0)
Unloading 41 unused Assets / (1.2 MB). Loaded Objects now: 5828.
Memory consumption went from 204.4 MB to 203.2 MB.
Total: 8.450000 ms (FindLiveObjects: 0.968300 ms CreateObjectMapping: 0.779400 ms MarkObjects: 5.791600 ms  DeleteObjects: 0.909200 ms)

AssetImportParameters requested are different than current active one (requested -> active):
  custom:video-decoder-ogg-theora: a1e56fd34408186e4bbccfd4996cb3dc -> 
  custom:container-muxer-webm: aa71ff27fc2769a1b78a27578f13a17b -> 
  custom:container-demuxer-webm: 4f35f7cbe854078d1ac9338744f61a02 -> 
  custom:video-encoder-webm-vp8: eb34c28f22e8b96e1ab97ce403110664 -> 
  custom:audio-encoder-webm-vorbis: bf7c407c2cedff20999df2af8eb42d56 -> 
  custom:framework-win-MediaFoundation: 216162199b28c13a410421893ffa2e32 -> 
  custom:container-demuxer-ogg: 62fdf1f143b41e24485cea50d1cbac27 -> 
  custom:video-decoder-webm-vp8: 9c59270c3fd7afecdb556c50c9e8de78 -> 
  custom:audio-decoder-ogg-vorbis: bf7c407c2cedff20999df2af8eb42d56 -> 
========================================================================
Received Import Request.
  Time since last request: 242.998368 seconds.
  path: Assets/Sprites/CrystalWorld/background01.png
  artifactKey: Guid(eb57aa8c431d88b4ea078617382940ff) Importer(815301076,1909f56bfc062723c751e8b465ee728b)
Start importing Assets/Sprites/CrystalWorld/background01.png using Guid(eb57aa8c431d88b4ea078617382940ff) Importer(815301076,1909f56bfc062723c751e8b465ee728b)  -> (artifact id: 'e3bf486ba8d221d2d70fb8d16e7144e7') in 0.136210 seconds 
========================================================================
Received Import Request.
  Time since last request: 0.000032 seconds.
  path: Assets/Sprites/CrystalWorld/background03.png
  artifactKey: Guid(01aa65d925b15784dacf2541b85b6f89) Importer(815301076,1909f56bfc062723c751e8b465ee728b)
Start importing Assets/Sprites/CrystalWorld/background03.png using Guid(01aa65d925b15784dacf2541b85b6f89) Importer(815301076,1909f56bfc062723c751e8b465ee728b)  -> (artifact id: '8d96b1961328bc4924a0502dd91aadfa') in 0.030619 seconds 
========================================================================
Received Import Request.
  Time since last request: 0.000047 seconds.
  path: Assets/Sprites/CrystalWorld/background_obj01.png
  artifactKey: Guid(7e0a9d1e81baad74e99019a8c48af9f1) Importer(815301076,1909f56bfc062723c751e8b465ee728b)
Start importing Assets/Sprites/CrystalWorld/background_obj01.png using Guid(7e0a9d1e81baad74e99019a8c48af9f1) Importer(815301076,1909f56bfc062723c751e8b465ee728b)  -> (artifact id: '470b92801c6daf636378873ed62b7c32') in 0.026727 seconds 
========================================================================
Received Import Request.
  Time since last request: 0.000025 seconds.
  path: Assets/Sprites/CrystalWorld/background02.png
  artifactKey: Guid(49da2938fe67a8c44a8cdf00cbe7437b) Importer(815301076,1909f56bfc062723c751e8b465ee728b)
Start importing Assets/Sprites/CrystalWorld/background02.png using Guid(49da2938fe67a8c44a8cdf00cbe7437b) Importer(815301076,1909f56bfc062723c751e8b465ee728b)  -> (artifact id: '6a6c8cfd88ac71afa1fc3be86678226d') in 0.025930 seconds 
========================================================================
Received Import Request.
  Time since last request: 156.301797 seconds.
  path: Assets/Sprites/Environnment/main_lev_build_1.png
  artifactKey: Guid(900e5c82d08f1ac4d9eeb1a82b9fe0bb) Importer(815301076,1909f56bfc062723c751e8b465ee728b)
Start importing Assets/Sprites/Environnment/main_lev_build_1.png using Guid(900e5c82d08f1ac4d9eeb1a82b9fe0bb) Importer(815301076,1909f56bfc062723c751e8b465ee728b)  -> (artifact id: 'cc5dd90d1b675d4bfd303d0812d55c80') in 2.747802 seconds 
========================================================================
Received Import Request.
  Time since last request: 32.817808 seconds.
  path: Assets/Tilesmaps/TM_GroundsWalls1/main_lev_build_1_3.asset
  artifactKey: Guid(6ba507b994d7e5f4f8ab9c6616fbcb25) Importer(815301076,1909f56bfc062723c751e8b465ee728b)
Start importing Assets/Tilesmaps/TM_GroundsWalls1/main_lev_build_1_3.asset using Guid(6ba507b994d7e5f4f8ab9c6616fbcb25) Importer(815301076,1909f56bfc062723c751e8b465ee728b)  -> (artifact id: 'c4c81d8f1b6c7bfa5827234455e91bef') in 0.025665 seconds 
========================================================================
Received Import Request.
  Time since last request: 0.000033 seconds.
  path: Assets/Tilesmaps/TM_GroundsWalls1/main_lev_build_1_9.asset
  artifactKey: Guid(1201506991bda4c4c8b543c9b72e59b9) Importer(815301076,1909f56bfc062723c751e8b465ee728b)
Start importing Assets/Tilesmaps/TM_GroundsWalls1/main_lev_build_1_9.asset using Guid(1201506991bda4c4c8b543c9b72e59b9) Importer(815301076,1909f56bfc062723c751e8b465ee728b)  -> (artifact id: 'cdd5c8ab4d37544c9a4dd1e656b4b918') in 0.010783 seconds 
========================================================================
Received Import Request.
  Time since last request: 0.000046 seconds.
  path: Assets/Tilesmaps/TM_GroundsWalls1/main_lev_build_1_7.asset
  artifactKey: Guid(6cfe6f487db0f814daf36843467fa609) Importer(815301076,1909f56bfc062723c751e8b465ee728b)
Start importing Assets/Tilesmaps/TM_GroundsWalls1/main_lev_build_1_7.asset using Guid(6cfe6f487db0f814daf36843467fa609) Importer(815301076,1909f56bfc062723c751e8b465ee728b)  -> (artifact id: 'a1a169889babcb55c088ab79f10ffb62') in 0.010795 seconds 
========================================================================
Received Import Request.
  Time since last request: 0.000030 seconds.
  path: Assets/Tilesmaps/TM_GroundsWalls1/main_lev_build_1_8.asset
  artifactKey: Guid(dbcecbfe78e7c7e449def06724759949) Importer(815301076,1909f56bfc062723c751e8b465ee728b)
Start importing Assets/Tilesmaps/TM_GroundsWalls1/main_lev_build_1_8.asset using Guid(dbcecbfe78e7c7e449def06724759949) Importer(815301076,1909f56bfc062723c751e8b465ee728b)  -> (artifact id: '32326f25b8b388b67aa397a7eeef7381') in 0.009469 seconds 
========================================================================
Received Import Request.
  Time since last request: 0.000034 seconds.
  path: Assets/Tilesmaps/TM_GroundsWalls1/main_lev_build_1_5.asset
  artifactKey: Guid(b580c1fb2e957754ba93f1e6b964e8af) Importer(815301076,1909f56bfc062723c751e8b465ee728b)
Start importing Assets/Tilesmaps/TM_GroundsWalls1/main_lev_build_1_5.asset using Guid(b580c1fb2e957754ba93f1e6b964e8af) Importer(815301076,1909f56bfc062723c751e8b465ee728b)  -> (artifact id: 'cd6d2b9e4892d30d4a8b39ba9230531e') in 0.009832 seconds 
========================================================================
Received Import Request.
  Time since last request: 0.000056 seconds.
  path: Assets/Tilesmaps/TM_GroundsWalls1/main_lev_build_1_6.asset
  artifactKey: Guid(07a612a299ae7c94289f520f8a21dcda) Importer(815301076,1909f56bfc062723c751e8b465ee728b)
Start importing Assets/Tilesmaps/TM_GroundsWalls1/main_lev_build_1_6.asset using Guid(07a612a299ae7c94289f520f8a21dcda) Importer(815301076,1909f56bfc062723c751e8b465ee728b)  -> (artifact id: '87d69f26cd42c9f54a112155844d26bb') in 0.010807 seconds 
========================================================================
Received Import Request.
  Time since last request: 0.000056 seconds.
  path: Assets/Tilesmaps/TM_GroundsWalls1/main_lev_build_1_10.asset
  artifactKey: Guid(9b4875eb572da84418ee940095c1b8ce) Importer(815301076,1909f56bfc062723c751e8b465ee728b)
Start importing Assets/Tilesmaps/TM_GroundsWalls1/main_lev_build_1_10.asset using Guid(9b4875eb572da84418ee940095c1b8ce) Importer(815301076,1909f56bfc062723c751e8b465ee728b)  -> (artifact id: '9b3e2016a70208edb2eebd4f0ef212f3') in 0.011718 seconds 
========================================================================
Received Import Request.
  Time since last request: 0.000027 seconds.
  path: Assets/Tilesmaps/TM_GroundsWalls1/main_lev_build_1_11.asset
  artifactKey: Guid(750e6538fe17df341acfbab5128583bb) Importer(815301076,1909f56bfc062723c751e8b465ee728b)
Start importing Assets/Tilesmaps/TM_GroundsWalls1/main_lev_build_1_11.asset using Guid(750e6538fe17df341acfbab5128583bb) Importer(815301076,1909f56bfc062723c751e8b465ee728b)  -> (artifact id: 'e695f56317e9fb3cbb5e233501bcefb8') in 0.011461 seconds 
========================================================================
Received Import Request.
  Time since last request: 0.000034 seconds.
  path: Assets/Tilesmaps/TM_GroundsWalls1/main_lev_build_1_4.asset
  artifactKey: Guid(acd7753b6894094419dd34b3ce208485) Importer(815301076,1909f56bfc062723c751e8b465ee728b)
Start importing Assets/Tilesmaps/TM_GroundsWalls1/main_lev_build_1_4.asset using Guid(acd7753b6894094419dd34b3ce208485) Importer(815301076,1909f56bfc062723c751e8b465ee728b)  -> (artifact id: 'fe0a2d5ec16e0c224db8d644bfb509a7') in 0.011844 seconds 
========================================================================
Received Import Request.
  Time since last request: 0.337652 seconds.
  path: Assets/Tilesmaps/TM_GroundsWalls1/main_lev_build_1_12.asset
  artifactKey: Guid(41275cdcc25104243b176ccb6c8659c2) Importer(815301076,1909f56bfc062723c751e8b465ee728b)
Start importing Assets/Tilesmaps/TM_GroundsWalls1/main_lev_build_1_12.asset using Guid(41275cdcc25104243b176ccb6c8659c2) Importer(815301076,1909f56bfc062723c751e8b465ee728b)  -> (artifact id: 'bdcfbe2f7d2dca70f9bbc53cd6af89c7') in 0.012519 seconds 
========================================================================
Received Import Request.
  Time since last request: 0.000040 seconds.
  path: Assets/Tilesmaps/TM_GroundsWalls1/main_lev_build_1_13.asset
  artifactKey: Guid(3bd82a96e44d7364a903bad337870b2c) Importer(815301076,1909f56bfc062723c751e8b465ee728b)
Start importing Assets/Tilesmaps/TM_GroundsWalls1/main_lev_build_1_13.asset using Guid(3bd82a96e44d7364a903bad337870b2c) Importer(815301076,1909f56bfc062723c751e8b465ee728b)  -> (artifact id: '831aa11f85851249ed0710b07f80fd43') in 0.011761 seconds 
========================================================================
Received Import Request.
  Time since last request: 0.000566 seconds.
  path: Assets/Tilesmaps/TM_GroundsWalls1/main_lev_build_1_14.asset
  artifactKey: Guid(7cc1c31277520ad4a86c825438867126) Importer(815301076,1909f56bfc062723c751e8b465ee728b)
Start importing Assets/Tilesmaps/TM_GroundsWalls1/main_lev_build_1_14.asset using Guid(7cc1c31277520ad4a86c825438867126) Importer(815301076,1909f56bfc062723c751e8b465ee728b)  -> (artifact id: '84e2d381519efeadd5aebfbc8b544ac2') in 0.013638 seconds 
========================================================================
Received Import Request.
  Time since last request: 0.000034 seconds.
  path: Assets/Tilesmaps/TM_GroundsWalls1/main_lev_build_1_15.asset
  artifactKey: Guid(580deee52058bbe4098d8be5f8333a4d) Importer(815301076,1909f56bfc062723c751e8b465ee728b)
Start importing Assets/Tilesmaps/TM_GroundsWalls1/main_lev_build_1_15.asset using Guid(580deee52058bbe4098d8be5f8333a4d) Importer(815301076,1909f56bfc062723c751e8b465ee728b)  -> (artifact id: '6ebd620dc4fa8465be1b51df8550510f') in 0.009594 seconds 
========================================================================
Received Import Request.
  Time since last request: 0.040527 seconds.
  path: Assets/Tilesmaps/TM_GroundsWalls1/main_lev_build_1_16.asset
  artifactKey: Guid(65a5b52e6d7246147a0ee931d988274b) Importer(815301076,1909f56bfc062723c751e8b465ee728b)
Start importing Assets/Tilesmaps/TM_GroundsWalls1/main_lev_build_1_16.asset using Guid(65a5b52e6d7246147a0ee931d988274b) Importer(815301076,1909f56bfc062723c751e8b465ee728b)  -> (artifact id: 'f2509e3fd4877e3a9088a4e9d8f5f84a') in 0.011978 seconds 
========================================================================
Received Import Request.
  Time since last request: 0.000033 seconds.
  path: Assets/Tilesmaps/TM_GroundsWalls1/main_lev_build_1_17.asset
  artifactKey: Guid(98c99bfaf9aae5e418e4f92cf99b1d50) Importer(815301076,1909f56bfc062723c751e8b465ee728b)
Start importing Assets/Tilesmaps/TM_GroundsWalls1/main_lev_build_1_17.asset using Guid(98c99bfaf9aae5e418e4f92cf99b1d50) Importer(815301076,1909f56bfc062723c751e8b465ee728b)  -> (artifact id: 'a7482f6427a152f1de8f40c13b23c50c') in 0.012917 seconds 
========================================================================
Received Import Request.
  Time since last request: 0.000045 seconds.
  path: Assets/Tilesmaps/TM_GroundsWalls1/main_lev_build_1_18.asset
  artifactKey: Guid(5271e97353eaf9948b06432be3e88f9c) Importer(815301076,1909f56bfc062723c751e8b465ee728b)
Start importing Assets/Tilesmaps/TM_GroundsWalls1/main_lev_build_1_18.asset using Guid(5271e97353eaf9948b06432be3e88f9c) Importer(815301076,1909f56bfc062723c751e8b465ee728b)  -> (artifact id: '5ef085a894c6dc685da371fb1dfca5e1') in 0.013322 seconds 
========================================================================
Received Import Request.
  Time since last request: 0.000034 seconds.
  path: Assets/Tilesmaps/TM_GroundsWalls1/main_lev_build_1_19.asset
  artifactKey: Guid(d1efca876e357c74b965183f1c047c28) Importer(815301076,1909f56bfc062723c751e8b465ee728b)
Start importing Assets/Tilesmaps/TM_GroundsWalls1/main_lev_build_1_19.asset using Guid(d1efca876e357c74b965183f1c047c28) Importer(815301076,1909f56bfc062723c751e8b465ee728b)  -> (artifact id: '8ae6be88cd90aa2dbeb7831f7e45b7e0') in 0.012406 seconds 
========================================================================
Received Import Request.
  Time since last request: 0.503829 seconds.
  path: Assets/Tilesmaps/TM_GroundsWalls1/main_lev_build_1_1.asset
  artifactKey: Guid(43ebe21a6cc780642b4247dd209ba93f) Importer(815301076,1909f56bfc062723c751e8b465ee728b)
Start importing Assets/Tilesmaps/TM_GroundsWalls1/main_lev_build_1_1.asset using Guid(43ebe21a6cc780642b4247dd209ba93f) Importer(815301076,1909f56bfc062723c751e8b465ee728b)  -> (artifact id: 'e407b8b0f73d60c171c90c19977f29d0') in 0.010799 seconds 
========================================================================
Received Import Request.
  Time since last request: 0.000035 seconds.
  path: Assets/Tilesmaps/TM_GroundsWalls1/main_lev_build_1_2.asset
  artifactKey: Guid(19bf49ce6430f0f4e97274afddc5e8a2) Importer(815301076,1909f56bfc062723c751e8b465ee728b)
Start importing Assets/Tilesmaps/TM_GroundsWalls1/main_lev_build_1_2.asset using Guid(19bf49ce6430f0f4e97274afddc5e8a2) Importer(815301076,1909f56bfc062723c751e8b465ee728b)  -> (artifact id: '96a5dc14c22971190c529952df69ec21') in 0.012059 seconds 
========================================================================
Received Import Request.
  Time since last request: 0.000047 seconds.
  path: Assets/Tilesmaps/TM_GroundsWalls1/main_lev_build_1_0.asset
  artifactKey: Guid(56faf8fd965fa334d89e5e9785c23036) Importer(815301076,1909f56bfc062723c751e8b465ee728b)
Start importing Assets/Tilesmaps/TM_GroundsWalls1/main_lev_build_1_0.asset using Guid(56faf8fd965fa334d89e5e9785c23036) Importer(815301076,1909f56bfc062723c751e8b465ee728b)  -> (artifact id: 'ebd2fcf3c068d0aadf6fc744870b07a8') in 0.010693 seconds 
========================================================================
Received Import Request.
  Time since last request: 0.000032 seconds.
  path: Assets/Tilesmaps/TM_GroundsWalls1/GroundsWalls1.prefab
  artifactKey: Guid(cffd893c0e0751f4a9394891d0689633) Importer(815301076,1909f56bfc062723c751e8b465ee728b)
Start importing Assets/Tilesmaps/TM_GroundsWalls1/GroundsWalls1.prefab using Guid(cffd893c0e0751f4a9394891d0689633) Importer(815301076,1909f56bfc062723c751e8b465ee728b)  -> (artifact id: '26a2f5fd3781d06f09e30f3596b9005b') in 0.566203 seconds 
